# JRE version: Java(TM) SE Runtime Environment (8.0_281-b09) (build 1.8.0_281-b09)
# Java VM: Java HotSpot(TM) 64-Bit Server VM (25.281-b09 mixed mode windows-amd64 compressed oops)
Heap:
 PSYoungGen      total 103936K, used 25903K [0x00000000d5b80000, 0x00000000dcb80000, 0x0000000100000000)
  eden space 96256K, 26% used [0x00000000d5b80000,0x00000000d74cbdd8,0x00000000db980000)
  from space 7680K, 0% used [0x00000000dc400000,0x00000000dc400000,0x00000000dcb80000)
  to   space 8704K, 0% used [0x00000000dba80000,0x00000000dba80000,0x00000000dc300000)
 ParOldGen       total 61952K, used 12545K [0x0000000081200000, 0x0000000084e80000, 0x00000000d5b80000)
  object space 61952K, 20% used [0x0000000081200000,0x0000000081e40660,0x0000000084e80000)
 Metaspace       used 34965K, capacity 37374K, committed 37504K, reserved 1081344K
  class space    used 4738K, capacity 5173K, committed 5248K, reserved 1048576K
GC Heap History (10 events):
Event: 1.920 GC heap before
{Heap before GC invocations=6 (full 1):
 PSYoungGen      total 71680K, used 66560K [0x00000000d5b80000, 0x00000000da680000, 0x0000000100000000)
  eden space 66560K, 100% used [0x00000000d5b80000,0x00000000d9c80000,0x00000000d9c80000)
  from space 5120K, 0% used [0x00000000da180000,0x00000000da180000,0x00000000da680000)
  to   space 5120K, 0% used [0x00000000d9c80000,0x00000000d9c80000,0x00000000da180000)
 ParOldGen       total 61952K, used 7540K [0x0000000081200000, 0x0000000084e80000, 0x00000000d5b80000)
  object space 61952K, 12% used [0x0000000081200000,0x000000008195d018,0x0000000084e80000)
 Metaspace       used 24158K, capacity 25870K, committed 26112K, reserved 1071104K
  class space    used 3151K, capacity 3479K, committed 3584K, reserved 1048576K
Event: 1.926 GC heap after
Heap after GC invocations=6 (full 1):
 PSYoungGen      total 71680K, used 5118K [0x00000000d5b80000, 0x00000000dcc80000, 0x0000000100000000)
  eden space 66560K, 0% used [0x00000000d5b80000,0x00000000d5b80000,0x00000000d9c80000)
  from space 5120K, 99% used [0x00000000d9c80000,0x00000000da17f9b8,0x00000000da180000)
  to   space 8704K, 0% used [0x00000000dc400000,0x00000000dc400000,0x00000000dcc80000)
 ParOldGen       total 61952K, used 9165K [0x0000000081200000, 0x0000000084e80000, 0x00000000d5b80000)
  object space 61952K, 14% used [0x0000000081200000,0x0000000081af36e0,0x0000000084e80000)
 Metaspace       used 24158K, capacity 25870K, committed 26112K, reserved 1071104K
  class space    used 3151K, capacity 3479K, committed 3584K, reserved 1048576K
}
Event: 2.508 GC heap before
{Heap before GC invocations=7 (full 1):
 PSYoungGen      total 71680K, used 71678K [0x00000000d5b80000, 0x00000000dcc80000, 0x0000000100000000)
  eden space 66560K, 100% used [0x00000000d5b80000,0x00000000d9c80000,0x00000000d9c80000)
  from space 5120K, 99% used [0x00000000d9c80000,0x00000000da17f9b8,0x00000000da180000)
  to   space 8704K, 0% used [0x00000000dc400000,0x00000000dc400000,0x00000000dcc80000)
 ParOldGen       total 61952K, used 9165K [0x0000000081200000, 0x0000000084e80000, 0x00000000d5b80000)
  object space 61952K, 14% used [0x0000000081200000,0x0000000081af36e0,0x0000000084e80000)
 Metaspace       used 27302K, capacity 29276K, committed 29312K, reserved 1075200K
  class space    used 3559K, capacity 3942K, committed 3968K, reserved 1048576K
Event: 2.514 GC heap after
Heap after GC invocations=7 (full 1):
 PSYoungGen      total 103936K, used 7190K [0x00000000d5b80000, 0x00000000dcb80000, 0x0000000100000000)
  eden space 96256K, 0% used [0x00000000d5b80000,0x00000000d5b80000,0x00000000db980000)
  from space 7680K, 93% used [0x00000000dc400000,0x00000000dcb05b00,0x00000000dcb80000)
  to   space 8704K, 0% used [0x00000000dba80000,0x00000000dba80000,0x00000000dc300000)
 ParOldGen       total 61952K, used 9173K [0x0000000081200000, 0x0000000084e80000, 0x00000000d5b80000)
  object space 61952K, 14% used [0x0000000081200000,0x0000000081af56e0,0x0000000084e80000)
 Metaspace       used 27302K, capacity 29276K, committed 29312K, reserved 1075200K
  class space    used 3559K, capacity 3942K, committed 3968K, reserved 1048576K
}
Event: 3.117 GC heap before
{Heap before GC invocations=8 (full 1):
 PSYoungGen      total 103936K, used 103446K [0x00000000d5b80000, 0x00000000dcb80000, 0x0000000100000000)
  eden space 96256K, 100% used [0x00000000d5b80000,0x00000000db980000,0x00000000db980000)
  from space 7680K, 93% used [0x00000000dc400000,0x00000000dcb05b00,0x00000000dcb80000)
  to   space 8704K, 0% used [0x00000000dba80000,0x00000000dba80000,0x00000000dc300000)
 ParOldGen       total 61952K, used 9173K [0x0000000081200000, 0x0000000084e80000, 0x00000000d5b80000)
  object space 61952K, 14% used [0x0000000081200000,0x0000000081af56e0,0x0000000084e80000)
 Metaspace       used 31751K, capacity 33956K, committed 34176K, reserved 1079296K
  class space    used 4294K, capacity 4712K, committed 4736K, reserved 1048576K
Event: 3.125 GC heap after
Heap after GC invocations=8 (full 1):
 PSYoungGen      total 104960K, used 8701K [0x00000000d5b80000, 0x00000000dcb80000, 0x0000000100000000)
  eden space 96256K, 0% used [0x00000000d5b80000,0x00000000d5b80000,0x00000000db980000)
  from space 8704K, 99% used [0x00000000dba80000,0x00000000dc2ff408,0x00000000dc300000)
  to   space 7680K, 0% used [0x00000000dc400000,0x00000000dc400000,0x00000000dcb80000)
 ParOldGen       total 61952K, used 10399K [0x0000000081200000, 0x0000000084e80000, 0x00000000d5b80000)
  object space 61952K, 16% used [0x0000000081200000,0x0000000081c27d40,0x0000000084e80000)
 Metaspace       used 31751K, capacity 33956K, committed 34176K, reserved 1079296K
  class space    used 4294K, capacity 4712K, committed 4736K, reserved 1048576K
}
Event: 3.267 GC heap before
{Heap before GC invocations=9 (full 1):
 PSYoungGen      total 104960K, used 35842K [0x00000000d5b80000, 0x00000000dcb80000, 0x0000000100000000)
  eden space 96256K, 28% used [0x00000000d5b80000,0x00000000d7601660,0x00000000db980000)
  from space 8704K, 99% used [0x00000000dba80000,0x00000000dc2ff408,0x00000000dc300000)
  to   space 7680K, 0% used [0x00000000dc400000,0x00000000dc400000,0x00000000dcb80000)
 ParOldGen       total 61952K, used 10399K [0x0000000081200000, 0x0000000084e80000, 0x00000000d5b80000)
  object space 61952K, 16% used [0x0000000081200000,0x0000000081c27d40,0x0000000084e80000)
 Metaspace       used 33146K, capacity 35376K, committed 35456K, reserved 1079296K
  class space    used 4502K, capacity 4924K, committed 4992K, reserved 1048576K
Event: 3.272 GC heap after
Heap after GC invocations=9 (full 1):
 PSYoungGen      total 103936K, used 7661K [0x00000000d5b80000, 0x00000000dcb80000, 0x0000000100000000)
  eden space 96256K, 0% used [0x00000000d5b80000,0x00000000d5b80000,0x00000000db980000)
  from space 7680K, 99% used [0x00000000dc400000,0x00000000dcb7b4d0,0x00000000dcb80000)
  to   space 8704K, 0% used [0x00000000dba80000,0x00000000dba80000,0x00000000dc300000)
 ParOldGen       total 61952K, used 10515K [0x0000000081200000, 0x0000000084e80000, 0x00000000d5b80000)
  object space 61952K, 16% used [0x0000000081200000,0x0000000081c44e40,0x0000000084e80000)
 Metaspace       used 33146K, capacity 35376K, committed 35456K, reserved 1079296K
  class space    used 4502K, capacity 4924K, committed 4992K, reserved 1048576K
}
Event: 3.272 GC heap before
{Heap before GC invocations=10 (full 2):
 PSYoungGen      total 103936K, used 7661K [0x00000000d5b80000, 0x00000000dcb80000, 0x0000000100000000)
  eden space 96256K, 0% used [0x00000000d5b80000,0x00000000d5b80000,0x00000000db980000)
  from space 7680K, 99% used [0x00000000dc400000,0x00000000dcb7b4d0,0x00000000dcb80000)
  to   space 8704K, 0% used [0x00000000dba80000,0x00000000dba80000,0x00000000dc300000)
 ParOldGen       total 61952K, used 10515K [0x0000000081200000, 0x0000000084e80000, 0x00000000d5b80000)
  object space 61952K, 16% used [0x0000000081200000,0x0000000081c44e40,0x0000000084e80000)
 Metaspace       used 33146K, capacity 35376K, committed 35456K, reserved 1079296K
  class space    used 4502K, capacity 4924K, committed 4992K, reserved 1048576K
Event: 3.315 GC heap after
Heap after GC invocations=10 (full 2):
 PSYoungGen      total 103936K, used 0K [0x00000000d5b80000, 0x00000000dcb80000, 0x0000000100000000)
  eden space 96256K, 0% used [0x00000000d5b80000,0x00000000d5b80000,0x00000000db980000)
  from space 7680K, 0% used [0x00000000dc400000,0x00000000dc400000,0x00000000dcb80000)
  to   space 8704K, 0% used [0x00000000dba80000,0x00000000dba80000,0x00000000dc300000)
 ParOldGen       total 61952K, used 12545K [0x0000000081200000, 0x0000000084e80000, 0x00000000d5b80000)
  object space 61952K, 20% used [0x0000000081200000,0x0000000081e40660,0x0000000084e80000)
 Metaspace       used 33146K, capacity 35376K, committed 35456K, reserved 1079296K
  class space    used 4502K, capacity 4924K, committed 4992K, reserved 1048576K
}

